<?xml version="1.0" encoding="UTF-8"?>
<!-- Generated by org.testng.reporters.JUnitReportReporter -->
<testsuite hostname="MBP-C02F5ASXMD6M" failures="0" tests="2" name="org.example.BasicAPITests" time="1.839" errors="0" timestamp="2023-01-06T17:45:41 IST" skipped="1">
  <testcase classname="org.example.BasicAPITests" name="getAuthenticatedUsers" time="1.839"/>
  <system-out>
    <![CDATA[testing...
passed]]>
  </system-out>
  <testcase classname="org.example.BasicAPITests" name="getUsers">
    <skipped/>
  </testcase> <!-- getUsers -->
  <system-out/>
</testsuite> <!-- org.example.BasicAPITests -->
